Building DAG of jobs...
Using shell: /bin/bash
Provided cores: 4
Rules claiming more threads will be scaled down.
Job stats:
job                   count    min threads    max threads
------------------  -------  -------------  -------------
save_fit_ref_model        1              1              1
targets                   1              1              1
total                     2              1              1

Select jobs to execute...

[Tue Jan 11 09:27:19 2022]
rule save_fit_ref_model:
    input: ../results/processed_data/pol_dat.rds
    output: ../results/models/td_ref_pol_fit.rds, ../results/models/td_ref_pol_pp_check.pdf
    log: ../results/logs/fit_ref_model.log
    jobid: 3
    resources: tmpdir=/var/folders/hl/dt523djx7_q7xjrthzjpdvc40000gn/T

[Tue Jan 11 09:27:55 2022]
Finished job 3.
1 of 2 steps (50%) done
Select jobs to execute...

[Tue Jan 11 09:27:55 2022]
localrule targets:
    input: ../results/processed_data/fake_news_tidy_data.rds, ../results/processed_data/pol_dat.rds, ../results/processed_data/covid_dat.rds, ../results/models/td_ref_pol_fit.rds, ../results/models/td_ref_pol_pp_check.pdf
    jobid: 0
    resources: tmpdir=/var/folders/hl/dt523djx7_q7xjrthzjpdvc40000gn/T

[Tue Jan 11 09:27:55 2022]
Finished job 0.
2 of 2 steps (100%) done
Complete log: /Users/corrado/_repositories/fake_news_wf/fake_news/workflow/.snakemake/log/2022-01-11T092719.008120.snakemake.log
