Building DAG of jobs...
Using shell: /bin/bash
Provided cores: 4
Rules claiming more threads will be scaled down.
Job stats:
job                 count    min threads    max threads
----------------  -------  -------------  -------------
targets                 1              1              1
varsel_pol_model        1              1              1
total                   2              1              1

Select jobs to execute...

[Tue Jan 11 14:58:14 2022]
rule varsel_pol_model:
    input: ../results/models/td_ref_pol_fit.rds, ../results/processed_data/pol_dat.rds
    output: ../results/models/varsel_td_pol.rds
    log: ../results/logs/02_varsel_ref_pol_model.log
    jobid: 4
    resources: tmpdir=/var/folders/hl/dt523djx7_q7xjrthzjpdvc40000gn/T

[Tue Jan 11 15:14:42 2022]
Finished job 4.
1 of 2 steps (50%) done
Select jobs to execute...

[Tue Jan 11 15:14:42 2022]
localrule targets:
    input: ../results/processed_data/fake_news_tidy_data.rds, ../results/processed_data/pol_dat.rds, ../results/processed_data/covid_dat.rds, ../results/models/td_ref_pol_fit.rds, ../results/models/td_ref_pol_pp_check.pdf, ../results/models/varsel_td_pol.rds
    jobid: 0
    resources: tmpdir=/var/folders/hl/dt523djx7_q7xjrthzjpdvc40000gn/T

[Tue Jan 11 15:14:42 2022]
Finished job 0.
2 of 2 steps (100%) done
Complete log: /Users/corrado/_repositories/fake_news_wf/fake_news/workflow/.snakemake/log/2022-01-11T145813.483257.snakemake.log
