Building DAG of jobs...
Using shell: /bin/bash
Provided cores: 4
Rules claiming more threads will be scaled down.
Job stats:
job                     count    min threads    max threads
--------------------  -------  -------------  -------------
save_train_test_data        1              1              1
targets                     1              1              1
total                       2              1              1

Select jobs to execute...

[Mon Jan 10 13:16:14 2022]
rule save_train_test_data:
    input: ../results/processed_data/fake_news_tidy_data.rds
    output: ../results/processed_data/pol_dat.rds, ../results/processed_data/covid_dat.rds
    log: ../results/logs/save_train_test_data.log
    jobid: 2
    resources: tmpdir=/var/folders/hl/dt523djx7_q7xjrthzjpdvc40000gn/T

[Mon Jan 10 13:16:16 2022]
Finished job 2.
1 of 2 steps (50%) done
Select jobs to execute...

[Mon Jan 10 13:16:16 2022]
localrule targets:
    input: ../results/processed_data/fake_news_tidy_data.rds, ../results/processed_data/pol_dat.rds, ../results/processed_data/covid_dat.rds
    jobid: 0
    resources: tmpdir=/var/folders/hl/dt523djx7_q7xjrthzjpdvc40000gn/T

[Mon Jan 10 13:16:16 2022]
Finished job 0.
2 of 2 steps (100%) done
Complete log: /Users/corrado/_repositories/fake_news_wf/fake_news/workflow/.snakemake/log/2022-01-10T131613.527381.snakemake.log
